<?xml version="1.0" encoding="UTF-8"?>
<testng-results skipped="0" failed="0" total="1" passed="1">
  <reporter-output>
  </reporter-output>
  <suite name="Suite" duration-ms="61360" started-at="2017-05-14T14:45:44Z" finished-at="2017-05-14T14:46:45Z">
    <groups>
      <group name="cucumber">
        <method signature="AbstractTestNGCucumberTests.feature(cucumber.api.testng.CucumberFeatureWrapper)[pri:0, instance:com.cucumber.tests.RunCukesTest@32e6e9c3]" name="feature" class="cucumber.api.testng.AbstractTestNGCucumberTests"/>
      </group> <!-- cucumber -->
    </groups>
    <test name="Test" duration-ms="61360" started-at="2017-05-14T14:45:44Z" finished-at="2017-05-14T14:46:45Z">
      <class name="com.cucumber.tests.RunCukesTest">
        <test-method status="PASS" signature="setUpClass()[pri:0, instance:com.cucumber.tests.RunCukesTest@32e6e9c3]" name="setUpClass" is-config="true" duration-ms="929" started-at="2017-05-14T20:15:44Z" finished-at="2017-05-14T20:15:45Z">
          <reporter-output>
          </reporter-output>
        </test-method> <!-- setUpClass -->
        <test-method status="PASS" signature="feature(cucumber.api.testng.CucumberFeatureWrapper)[pri:0, instance:com.cucumber.tests.RunCukesTest@32e6e9c3]" name="feature" duration-ms="59893" started-at="2017-05-14T20:15:45Z" description="Runs Cucumber Feature" data-provider="features" finished-at="2017-05-14T20:16:45Z">
          <params>
            <param index="0">
              <value>
                <![CDATA[Open google.co.in website, search for any text and capture the no of results]]>
              </value>
            </param>
          </params>
          <reporter-output>
          </reporter-output>
        </test-method> <!-- feature -->
        <test-method status="PASS" signature="tearDownClass()[pri:0, instance:com.cucumber.tests.RunCukesTest@32e6e9c3]" name="tearDownClass" is-config="true" duration-ms="77" started-at="2017-05-14T20:16:45Z" finished-at="2017-05-14T20:16:45Z">
          <reporter-output>
          </reporter-output>
        </test-method> <!-- tearDownClass -->
      </class> <!-- com.cucumber.tests.RunCukesTest -->
    </test> <!-- Test -->
  </suite> <!-- Suite -->
</testng-results>
